Comp Bio Mini Project
The HCMV Genome (EF999921) has 168 # CDS
TARGET_id	 test_stat	 pval	 qval
<unknown_59	14.8058663288888	0.000119164234539767	0.0117093829168113
<unknown_66	14.4990246483655	0.000140232130740256	0.0117093829168113
<unknown_30	13.0094839327533	0.000309917340698531	0.0154311874422261
<unknown_91	12.6798901698129	0.000369609280053321	0.0154311874422261
EF999921.1_59	11.8133199295032	0.000588084748467873	0.0172288449428092
<unknown_90	11.469261959256	0.000707567748131834	0.0172288449428092
<unknown_85	11.4313109283572	0.000722167153291402	0.0172288449428092
<unknown_88	11.1497503660432	0.000840429819276908	0.0175439724774055
EF999921.1_32	10.4406482452047	0.00123271998392656	0.0228738041461928
EF999921.1_41	10.0085965855827	0.00155811209263195	0.0260204719469535
EF999921.1_2	8.64355078309844	0.00328221113267218	0.0440877450176177
<unknown_56	8.5711511482984	0.00341531153068117	0.0440877450176177
<unknown_8	8.40172409427908	0.00374865309033353	0.0440877450176177
<unknown_62	8.35147586450072	0.00385374178745047	0.0440877450176177
<unknown_76	8.30207670055876	0.00395997709739081	0.0440877450176177
<unknown_9	7.96945436003376	0.00475732768397104	0.0496546077014477
Donor 1 (2dpi) had 2259287.0 reads pairs before Bowtie2 filtering and 1744101.0 read pairs after.
Donor 1 (6dpi) had 2004530.0 reads pairs before Bowtie2 filtering and 1482759.0 read pairs after.
Donor 3 (2dpi) had 2730258.0 reads pairs before Bowtie2 filtering and 2382996.0 read pairs after.
Donor 3 (6dpi) had 2476889.0 reads pairs before Bowtie2 filtering and 1500834.0 read pairs after.
There are 63 contigs > 1000bp in the assembly.
There are 2041471 bp in the assembly
seq_title	align_len	number_HSPs	topHSP_ident	topHSP_gaps	topHSP_bits	topHSP_expect
gi|404315683|gb|JX512204.1| Human herpesvirus 5 strain HAN16, complete genome	235112	64	14905	0	27525.4	0.0
gi|523510377|gb|KF297339.1| Human herpesvirus 5 strain TB40/E clone Lisa, complete genome	237683	66	14905	0	27525.4	0.0
gi|157779983|gb|EF999921.1| Human herpesvirus 5 strain TB40/E clone TB40-BAC4, complete sequence	229050	63	14905	0	27525.4	0.0
gi|1098408701|gb|KX544839.1| Human herpesvirus 5 isolate TB40-E_UNC, complete genome	228992	63	14899	3	27488.5	0.0
gi|823076282|gb|KR534201.1| Human herpesvirus 5 strain JER2002, complete genome	235339	65	14853	0	27237.4	0.0
gi|822890166|gb|KP745657.1| Human herpesvirus 5 strain BE/13/2011, complete genome	235713	66	14852	3	27228.1	0.0
gi|822908276|gb|KP745712.1| Human herpesvirus 5 strain BE/19/2010, complete genome	235365	65	14850	3	27217.0	0.0
gi|823075433|gb|KR534196.1| Human herpesvirus 5 strain JER847, complete genome	235713	64	14848	0	27209.7	0.0
gi|822911216|gb|KP745720.1| Human herpesvirus 5 strain BE/15/2011, complete genome	235905	62	14848	0	27209.7	0.0
gi|822889664|gb|KP745654.1| Human herpesvirus 5 strain BE/19/2011, complete genome	235446	66	14846	3	27202.3	0.0